<?xml version="1.0" encoding="UTF-8"?>
<testExecutions version="1">
  <file path="/Users/julian/expts/react-native-n64-voter-app/src/components/button/test.tsx">
  </file>
</testExecutions>